
avahi
collectd
collectd-ipmi
collectd-rrdtool
collectd-sensors
collectd-snmp
collectd-virt
dos2unix
dpdk
dpdk-doc
dpdk-tools
ebtables
firstboot-config
freeipmi
genisoimage
ipmitool
libguestfs
libvirt
lrzsz
mlocate
ncurses
netcf-libs
net-snmp
nfs-utils
onectl
onectl-plugins-kvm
onectl-plugins-neighbors
OpenIPMI
openvswitch
openvswitch-kmod
openvswitch-ovn
openvswitch-selinux-policy
pam_krb5
pciutils
python-openvswitch
qemu-kvm-ev
screen
shellinabox
tree
tuned
vim-enhanced
virt-tools
virt-top
wget
yum-utils
